0 info it worked if it ends with ok
1 verbose cli [ '/Users/wferguson/.nvm/versions/node/v6.5.0/bin/node',
1 verbose cli   '/Users/wferguson/.nvm/versions/node/v6.5.0/bin/npm',
1 verbose cli   'install',
1 verbose cli   '--global',
1 verbose cli   'alfred-harvester-test' ]
2 info using npm@3.10.3
3 info using node@v6.5.0
4 silly loadCurrentTree Starting
5 silly install loadCurrentTree
6 silly install readGlobalPackageData
7 silly fetchPackageMetaData alfred-harvester-test
8 silly fetchNamedPackageData alfred-harvester-test
9 silly mapToRegistry name alfred-harvester-test
10 silly mapToRegistry using default registry
11 silly mapToRegistry registry https://registry.npmjs.org/
12 silly mapToRegistry data Result {
12 silly mapToRegistry   raw: 'alfred-harvester-test',
12 silly mapToRegistry   scope: null,
12 silly mapToRegistry   escapedName: 'alfred-harvester-test',
12 silly mapToRegistry   name: 'alfred-harvester-test',
12 silly mapToRegistry   rawSpec: '',
12 silly mapToRegistry   spec: 'latest',
12 silly mapToRegistry   type: 'tag' }
13 silly mapToRegistry uri https://registry.npmjs.org/alfred-harvester-test
14 verbose request uri https://registry.npmjs.org/alfred-harvester-test
15 verbose request no auth needed
16 info attempt registry request try #1 at 12:34:33 PM
17 verbose request id 66033363c5e78643
18 http request GET https://registry.npmjs.org/alfred-harvester-test
19 http 404 https://registry.npmjs.org/alfred-harvester-test
20 verbose headers { 'content-type': 'application/json',
20 verbose headers   'cache-control': 'max-age=0',
20 verbose headers   'content-length': '2',
20 verbose headers   'accept-ranges': 'bytes',
20 verbose headers   date: 'Sat, 22 Jul 2017 16:34:34 GMT',
20 verbose headers   via: '1.1 varnish',
20 verbose headers   age: '0',
20 verbose headers   connection: 'keep-alive',
20 verbose headers   'x-served-by': 'cache-dca17751-DCA',
20 verbose headers   'x-cache': 'MISS',
20 verbose headers   'x-cache-hits': '0',
20 verbose headers   'x-timer': 'S1500741275.539669,VS0,VE151',
20 verbose headers   vary: 'Accept-Encoding' }
21 silly get cb [ 404,
21 silly get   { 'content-type': 'application/json',
21 silly get     'cache-control': 'max-age=0',
21 silly get     'content-length': '2',
21 silly get     'accept-ranges': 'bytes',
21 silly get     date: 'Sat, 22 Jul 2017 16:34:34 GMT',
21 silly get     via: '1.1 varnish',
21 silly get     age: '0',
21 silly get     connection: 'keep-alive',
21 silly get     'x-served-by': 'cache-dca17751-DCA',
21 silly get     'x-cache': 'MISS',
21 silly get     'x-cache-hits': '0',
21 silly get     'x-timer': 'S1500741275.539669,VS0,VE151',
21 silly get     vary: 'Accept-Encoding' } ]
22 silly fetchPackageMetaData Error: Registry returned 404 for GET on https://registry.npmjs.org/alfred-harvester-test
22 silly fetchPackageMetaData     at makeError (/Users/wferguson/.nvm/versions/node/v6.5.0/lib/node_modules/npm/node_modules/npm-registry-client/lib/request.js:264:12)
22 silly fetchPackageMetaData     at CachingRegistryClient.<anonymous> (/Users/wferguson/.nvm/versions/node/v6.5.0/lib/node_modules/npm/node_modules/npm-registry-client/lib/request.js:242:14)
22 silly fetchPackageMetaData     at Request._callback (/Users/wferguson/.nvm/versions/node/v6.5.0/lib/node_modules/npm/node_modules/npm-registry-client/lib/request.js:172:14)
22 silly fetchPackageMetaData     at Request.self.callback (/Users/wferguson/.nvm/versions/node/v6.5.0/lib/node_modules/npm/node_modules/request/request.js:200:22)
22 silly fetchPackageMetaData     at emitTwo (events.js:106:13)
22 silly fetchPackageMetaData     at Request.emit (events.js:191:7)
22 silly fetchPackageMetaData     at Request.<anonymous> (/Users/wferguson/.nvm/versions/node/v6.5.0/lib/node_modules/npm/node_modules/request/request.js:1067:10)
22 silly fetchPackageMetaData     at emitOne (events.js:101:20)
22 silly fetchPackageMetaData     at Request.emit (events.js:188:7)
22 silly fetchPackageMetaData     at IncomingMessage.<anonymous> (/Users/wferguson/.nvm/versions/node/v6.5.0/lib/node_modules/npm/node_modules/request/request.js:988:12)
22 silly fetchPackageMetaData  error for alfred-harvester-test { Error: Registry returned 404 for GET on https://registry.npmjs.org/alfred-harvester-test
22 silly fetchPackageMetaData     at makeError (/Users/wferguson/.nvm/versions/node/v6.5.0/lib/node_modules/npm/node_modules/npm-registry-client/lib/request.js:264:12)
22 silly fetchPackageMetaData     at CachingRegistryClient.<anonymous> (/Users/wferguson/.nvm/versions/node/v6.5.0/lib/node_modules/npm/node_modules/npm-registry-client/lib/request.js:242:14)
22 silly fetchPackageMetaData     at Request._callback (/Users/wferguson/.nvm/versions/node/v6.5.0/lib/node_modules/npm/node_modules/npm-registry-client/lib/request.js:172:14)
22 silly fetchPackageMetaData     at Request.self.callback (/Users/wferguson/.nvm/versions/node/v6.5.0/lib/node_modules/npm/node_modules/request/request.js:200:22)
22 silly fetchPackageMetaData     at emitTwo (events.js:106:13)
22 silly fetchPackageMetaData     at Request.emit (events.js:191:7)
22 silly fetchPackageMetaData     at Request.<anonymous> (/Users/wferguson/.nvm/versions/node/v6.5.0/lib/node_modules/npm/node_modules/request/request.js:1067:10)
22 silly fetchPackageMetaData     at emitOne (events.js:101:20)
22 silly fetchPackageMetaData     at Request.emit (events.js:188:7)
22 silly fetchPackageMetaData     at IncomingMessage.<anonymous> (/Users/wferguson/.nvm/versions/node/v6.5.0/lib/node_modules/npm/node_modules/request/request.js:988:12) pkgid: 'alfred-harvester-test', statusCode: 404, code: 'E404' }
23 silly rollbackFailedOptional Starting
24 silly rollbackFailedOptional Finishing
25 silly runTopLevelLifecycles Starting
26 silly runTopLevelLifecycles Finishing
27 silly install printInstalled
28 verbose stack Error: Registry returned 404 for GET on https://registry.npmjs.org/alfred-harvester-test
28 verbose stack     at makeError (/Users/wferguson/.nvm/versions/node/v6.5.0/lib/node_modules/npm/node_modules/npm-registry-client/lib/request.js:264:12)
28 verbose stack     at CachingRegistryClient.<anonymous> (/Users/wferguson/.nvm/versions/node/v6.5.0/lib/node_modules/npm/node_modules/npm-registry-client/lib/request.js:242:14)
28 verbose stack     at Request._callback (/Users/wferguson/.nvm/versions/node/v6.5.0/lib/node_modules/npm/node_modules/npm-registry-client/lib/request.js:172:14)
28 verbose stack     at Request.self.callback (/Users/wferguson/.nvm/versions/node/v6.5.0/lib/node_modules/npm/node_modules/request/request.js:200:22)
28 verbose stack     at emitTwo (events.js:106:13)
28 verbose stack     at Request.emit (events.js:191:7)
28 verbose stack     at Request.<anonymous> (/Users/wferguson/.nvm/versions/node/v6.5.0/lib/node_modules/npm/node_modules/request/request.js:1067:10)
28 verbose stack     at emitOne (events.js:101:20)
28 verbose stack     at Request.emit (events.js:188:7)
28 verbose stack     at IncomingMessage.<anonymous> (/Users/wferguson/.nvm/versions/node/v6.5.0/lib/node_modules/npm/node_modules/request/request.js:988:12)
29 verbose statusCode 404
30 verbose pkgid alfred-harvester-test
31 verbose cwd /Users/wferguson/TD/harvester-test
32 error Darwin 16.6.0
33 error argv "/Users/wferguson/.nvm/versions/node/v6.5.0/bin/node" "/Users/wferguson/.nvm/versions/node/v6.5.0/bin/npm" "install" "--global" "alfred-harvester-test"
34 error node v6.5.0
35 error npm  v3.10.3
36 error code E404
37 error 404 Registry returned 404 for GET on https://registry.npmjs.org/alfred-harvester-test
38 error 404
39 error 404 'alfred-harvester-test' is not in the npm registry.
40 error 404 You should bug the author to publish it (or use the name yourself!)
41 error 404 Note that you can also install from a
42 error 404 tarball, folder, http url, or git url.
43 verbose exit [ 1, true ]
